Seq	Host	Starttime	JobRuntime	Send	Receive	Exitval	Signal	Command
1	:	1715952772.808	   608.120	0	0	0	0	exec /usr/bin/time -f " %e, %U, %S, %M" solvitaire --type klondike --timeout 3600000 --str none --ra 4314 --class 2>&1 | sed -e 'H;${x;s/\n/,/g;s/^,//;p;};d' >> /work/sc122/sc122/ipg1/schedule-expts/full-klondike/klondike-klondike-3600000-none-IhsN1Z.csv
2	:	1715952772.843	   655.434	0	0	0	0	exec /usr/bin/time -f " %e, %U, %S, %M" solvitaire --type klondike --timeout 3600000 --str none --ra 3555 --class 2>&1 | sed -e 'H;${x;s/\n/,/g;s/^,//;p;};d' >> /work/sc122/sc122/ipg1/schedule-expts/full-klondike/klondike-klondike-3600000-none-IhsN1Z.csv
3	:	1715953380.981	    74.107	0	0	0	0	exec /usr/bin/time -f " %e, %U, %S, %M" solvitaire --type klondike --timeout 3600000 --str none --ra 9772 --class 2>&1 | sed -e 'H;${x;s/\n/,/g;s/^,//;p;};d' >> /work/sc122/sc122/ipg1/schedule-expts/full-klondike/klondike-klondike-3600000-none-IhsN1Z.csv
5	:	1715953455.117	   893.927	0	0	0	0	exec /usr/bin/time -f " %e, %U, %S, %M" solvitaire --type klondike --timeout 3600000 --str none --ra 9278 --class 2>&1 | sed -e 'H;${x;s/\n/,/g;s/^,//;p;};d' >> /work/sc122/sc122/ipg1/schedule-expts/full-klondike/klondike-klondike-3600000-none-IhsN1Z.csv
6	:	1715954349.109	   210.687	0	0	0	0	exec /usr/bin/time -f " %e, %U, %S, %M" solvitaire --type klondike --timeout 3600000 --str none --ra 9742 --class 2>&1 | sed -e 'H;${x;s/\n/,/g;s/^,//;p;};d' >> /work/sc122/sc122/ipg1/schedule-expts/full-klondike/klondike-klondike-3600000-none-IhsN1Z.csv
7	:	1715954559.826	   203.355	0	0	0	0	exec /usr/bin/time -f " %e, %U, %S, %M" solvitaire --type klondike --timeout 3600000 --str none --ra 8044 --class 2>&1 | sed -e 'H;${x;s/\n/,/g;s/^,//;p;};d' >> /work/sc122/sc122/ipg1/schedule-expts/full-klondike/klondike-klondike-3600000-none-IhsN1Z.csv
8	:	1715954763.220	   377.361	0	0	0	0	exec /usr/bin/time -f " %e, %U, %S, %M" solvitaire --type klondike --timeout 3600000 --str none --ra 4739 --class 2>&1 | sed -e 'H;${x;s/\n/,/g;s/^,//;p;};d' >> /work/sc122/sc122/ipg1/schedule-expts/full-klondike/klondike-klondike-3600000-none-IhsN1Z.csv
4	:	1715953428.310	  1796.729	0	0	0	0	exec /usr/bin/time -f " %e, %U, %S, %M" solvitaire --type klondike --timeout 3600000 --str none --ra 8953 --class 2>&1 | sed -e 'H;${x;s/\n/,/g;s/^,//;p;};d' >> /work/sc122/sc122/ipg1/schedule-expts/full-klondike/klondike-klondike-3600000-none-IhsN1Z.csv
10	:	1715955225.075	   269.780	0	0	0	0	exec /usr/bin/time -f " %e, %U, %S, %M" solvitaire --type klondike --timeout 3600000 --str none --ra 5442 --class 2>&1 | sed -e 'H;${x;s/\n/,/g;s/^,//;p;};d' >> /work/sc122/sc122/ipg1/schedule-expts/full-klondike/klondike-klondike-3600000-none-IhsN1Z.csv
9	:	1715955140.613	   368.360	0	0	0	0	exec /usr/bin/time -f " %e, %U, %S, %M" solvitaire --type klondike --timeout 3600000 --str none --ra 8759 --class 2>&1 | sed -e 'H;${x;s/\n/,/g;s/^,//;p;};d' >> /work/sc122/sc122/ipg1/schedule-expts/full-klondike/klondike-klondike-3600000-none-IhsN1Z.csv
12	:	1715955509.002	   835.968	0	0	0	0	exec /usr/bin/time -f " %e, %U, %S, %M" solvitaire --type klondike --timeout 3600000 --str none --ra 5741 --class 2>&1 | sed -e 'H;${x;s/\n/,/g;s/^,//;p;};d' >> /work/sc122/sc122/ipg1/schedule-expts/full-klondike/klondike-klondike-3600000-none-IhsN1Z.csv
13	:	1715956345.020	  1114.364	0	0	0	0	exec /usr/bin/time -f " %e, %U, %S, %M" solvitaire --type klondike --timeout 3600000 --str none --ra 2596 --class 2>&1 | sed -e 'H;${x;s/\n/,/g;s/^,//;p;};d' >> /work/sc122/sc122/ipg1/schedule-expts/full-klondike/klondike-klondike-3600000-none-IhsN1Z.csv
14	:	1715957459.430	   257.578	0	0	0	0	exec /usr/bin/time -f " %e, %U, %S, %M" solvitaire --type klondike --timeout 3600000 --str none --ra 2426 --class 2>&1 | sed -e 'H;${x;s/\n/,/g;s/^,//;p;};d' >> /work/sc122/sc122/ipg1/schedule-expts/full-klondike/klondike-klondike-3600000-none-IhsN1Z.csv
11	:	1715955494.889	  2361.215	0	0	0	0	exec /usr/bin/time -f " %e, %U, %S, %M" solvitaire --type klondike --timeout 3600000 --str none --ra 8119 --class 2>&1 | sed -e 'H;${x;s/\n/,/g;s/^,//;p;};d' >> /work/sc122/sc122/ipg1/schedule-expts/full-klondike/klondike-klondike-3600000-none-IhsN1Z.csv
16	:	1715957856.153	    57.349	0	0	0	0	exec /usr/bin/time -f " %e, %U, %S, %M" solvitaire --type klondike --timeout 3600000 --str none --ra 2820 --class 2>&1 | sed -e 'H;${x;s/\n/,/g;s/^,//;p;};d' >> /work/sc122/sc122/ipg1/schedule-expts/full-klondike/klondike-klondike-3600000-none-IhsN1Z.csv
17	:	1715957913.528	    45.319	0	0	0	0	exec /usr/bin/time -f " %e, %U, %S, %M" solvitaire --type klondike --timeout 3600000 --str none --ra 5877 --class 2>&1 | sed -e 'H;${x;s/\n/,/g;s/^,//;p;};d' >> /work/sc122/sc122/ipg1/schedule-expts/full-klondike/klondike-klondike-3600000-none-IhsN1Z.csv
18	:	1715957958.878	    54.213	0	0	0	0	exec /usr/bin/time -f " %e, %U, %S, %M" solvitaire --type klondike --timeout 3600000 --str none --ra 5749 --class 2>&1 | sed -e 'H;${x;s/\n/,/g;s/^,//;p;};d' >> /work/sc122/sc122/ipg1/schedule-expts/full-klondike/klondike-klondike-3600000-none-IhsN1Z.csv
15	:	1715957717.062	   426.957	0	0	0	0	exec /usr/bin/time -f " %e, %U, %S, %M" solvitaire --type klondike --timeout 3600000 --str none --ra 5231 --class 2>&1 | sed -e 'H;${x;s/\n/,/g;s/^,//;p;};d' >> /work/sc122/sc122/ipg1/schedule-expts/full-klondike/klondike-klondike-3600000-none-IhsN1Z.csv
19	:	1715958013.122	   834.423	0	0	0	0	exec /usr/bin/time -f " %e, %U, %S, %M" solvitaire --type klondike --timeout 3600000 --str none --ra 8964 --class 2>&1 | sed -e 'H;${x;s/\n/,/g;s/^,//;p;};d' >> /work/sc122/sc122/ipg1/schedule-expts/full-klondike/klondike-klondike-3600000-none-IhsN1Z.csv
21	:	1715958847.602	   354.312	0	0	0	0	exec /usr/bin/time -f " %e, %U, %S, %M" solvitaire --type klondike --timeout 3600000 --str none --ra 2825 --class 2>&1 | sed -e 'H;${x;s/\n/,/g;s/^,//;p;};d' >> /work/sc122/sc122/ipg1/schedule-expts/full-klondike/klondike-klondike-3600000-none-IhsN1Z.csv
22	:	1715959201.948	   243.117	0	0	0	0	exec /usr/bin/time -f " %e, %U, %S, %M" solvitaire --type klondike --timeout 3600000 --str none --ra 8069 --class 2>&1 | sed -e 'H;${x;s/\n/,/g;s/^,//;p;};d' >> /work/sc122/sc122/ipg1/schedule-expts/full-klondike/klondike-klondike-3600000-none-IhsN1Z.csv
23	:	1715959445.092	   452.299	0	0	0	0	exec /usr/bin/time -f " %e, %U, %S, %M" solvitaire --type klondike --timeout 3600000 --str none --ra 9415 --class 2>&1 | sed -e 'H;${x;s/\n/,/g;s/^,//;p;};d' >> /work/sc122/sc122/ipg1/schedule-expts/full-klondike/klondike-klondike-3600000-none-IhsN1Z.csv
24	:	1715959897.425	   137.703	0	0	0	0	exec /usr/bin/time -f " %e, %U, %S, %M" solvitaire --type klondike --timeout 3600000 --str none --ra 8856 --class 2>&1 | sed -e 'H;${x;s/\n/,/g;s/^,//;p;};d' >> /work/sc122/sc122/ipg1/schedule-expts/full-klondike/klondike-klondike-3600000-none-IhsN1Z.csv
20	:	1715958144.050	  3761.630	0	0	0	0	exec /usr/bin/time -f " %e, %U, %S, %M" solvitaire --type klondike --timeout 3600000 --str none --ra 5700 --class 2>&1 | sed -e 'H;${x;s/\n/,/g;s/^,//;p;};d' >> /work/sc122/sc122/ipg1/schedule-expts/full-klondike/klondike-klondike-3600000-none-IhsN1Z.csv
26	:	1715961905.713	   741.932	0	0	0	0	exec /usr/bin/time -f " %e, %U, %S, %M" solvitaire --type klondike --timeout 3600000 --str none --ra 5406 --class 2>&1 | sed -e 'H;${x;s/\n/,/g;s/^,//;p;};d' >> /work/sc122/sc122/ipg1/schedule-expts/full-klondike/klondike-klondike-3600000-none-IhsN1Z.csv
27	:	1715962647.675	   277.072	0	0	0	0	exec /usr/bin/time -f " %e, %U, %S, %M" solvitaire --type klondike --timeout 3600000 --str none --ra 5572 --class 2>&1 | sed -e 'H;${x;s/\n/,/g;s/^,//;p;};d' >> /work/sc122/sc122/ipg1/schedule-expts/full-klondike/klondike-klondike-3600000-none-IhsN1Z.csv
28	:	1715962924.790	   224.062	0	0	0	0	exec /usr/bin/time -f " %e, %U, %S, %M" solvitaire --type klondike --timeout 3600000 --str none --ra 4293 --class 2>&1 | sed -e 'H;${x;s/\n/,/g;s/^,//;p;};d' >> /work/sc122/sc122/ipg1/schedule-expts/full-klondike/klondike-klondike-3600000-none-IhsN1Z.csv
29	:	1715963148.883	   405.483	0	0	0	0	exec /usr/bin/time -f " %e, %U, %S, %M" solvitaire --type klondike --timeout 3600000 --str none --ra 2523 --class 2>&1 | sed -e 'H;${x;s/\n/,/g;s/^,//;p;};d' >> /work/sc122/sc122/ipg1/schedule-expts/full-klondike/klondike-klondike-3600000-none-IhsN1Z.csv
25	:	1715960035.159	  3812.719	0	0	0	0	exec /usr/bin/time -f " %e, %U, %S, %M" solvitaire --type klondike --timeout 3600000 --str none --ra 5814 --class 2>&1 | sed -e 'H;${x;s/\n/,/g;s/^,//;p;};d' >> /work/sc122/sc122/ipg1/schedule-expts/full-klondike/klondike-klondike-3600000-none-IhsN1Z.csv
31	:	1715963847.913	    52.023	0	0	0	0	exec /usr/bin/time -f " %e, %U, %S, %M" solvitaire --type klondike --timeout 3600000 --str none --ra 5844 --class 2>&1 | sed -e 'H;${x;s/\n/,/g;s/^,//;p;};d' >> /work/sc122/sc122/ipg1/schedule-expts/full-klondike/klondike-klondike-3600000-none-IhsN1Z.csv
30	:	1715963554.434	   565.210	0	0	0	0	exec /usr/bin/time -f " %e, %U, %S, %M" solvitaire --type klondike --timeout 3600000 --str none --ra 2344 --class 2>&1 | sed -e 'H;${x;s/\n/,/g;s/^,//;p;};d' >> /work/sc122/sc122/ipg1/schedule-expts/full-klondike/klondike-klondike-3600000-none-IhsN1Z.csv
33	:	1715964119.683	   106.503	0	0	0	0	exec /usr/bin/time -f " %e, %U, %S, %M" solvitaire --type klondike --timeout 3600000 --str none --ra 9833 --class 2>&1 | sed -e 'H;${x;s/\n/,/g;s/^,//;p;};d' >> /work/sc122/sc122/ipg1/schedule-expts/full-klondike/klondike-klondike-3600000-none-IhsN1Z.csv
32	:	1715963899.967	  1313.709	0	0	0	0	exec /usr/bin/time -f " %e, %U, %S, %M" solvitaire --type klondike --timeout 3600000 --str none --ra 7956 --class 2>&1 | sed -e 'H;${x;s/\n/,/g;s/^,//;p;};d' >> /work/sc122/sc122/ipg1/schedule-expts/full-klondike/klondike-klondike-3600000-none-IhsN1Z.csv
34	:	1715964226.222	  3775.319	0	0	0	0	exec /usr/bin/time -f " %e, %U, %S, %M" solvitaire --type klondike --timeout 3600000 --str none --ra 1816 --class 2>&1 | sed -e 'H;${x;s/\n/,/g;s/^,//;p;};d' >> /work/sc122/sc122/ipg1/schedule-expts/full-klondike/klondike-klondike-3600000-none-IhsN1Z.csv
36	:	1715968001.585	   618.473	0	0	0	0	exec /usr/bin/time -f " %e, %U, %S, %M" solvitaire --type klondike --timeout 3600000 --str none --ra 8962 --class 2>&1 | sed -e 'H;${x;s/\n/,/g;s/^,//;p;};d' >> /work/sc122/sc122/ipg1/schedule-expts/full-klondike/klondike-klondike-3600000-none-IhsN1Z.csv
35	:	1715965213.712	  3813.061	0	0	0	0	exec /usr/bin/time -f " %e, %U, %S, %M" solvitaire --type klondike --timeout 3600000 --str none --ra 5247 --class 2>&1 | sed -e 'H;${x;s/\n/,/g;s/^,//;p;};d' >> /work/sc122/sc122/ipg1/schedule-expts/full-klondike/klondike-klondike-3600000-none-IhsN1Z.csv
37	:	1715968620.089	   863.493	0	0	0	0	exec /usr/bin/time -f " %e, %U, %S, %M" solvitaire --type klondike --timeout 3600000 --str none --ra 4907 --class 2>&1 | sed -e 'H;${x;s/\n/,/g;s/^,//;p;};d' >> /work/sc122/sc122/ipg1/schedule-expts/full-klondike/klondike-klondike-3600000-none-IhsN1Z.csv
39	:	1715969483.610	   136.245	0	0	0	0	exec /usr/bin/time -f " %e, %U, %S, %M" solvitaire --type klondike --timeout 3600000 --str none --ra 5667 --class 2>&1 | sed -e 'H;${x;s/\n/,/g;s/^,//;p;};d' >> /work/sc122/sc122/ipg1/schedule-expts/full-klondike/klondike-klondike-3600000-none-IhsN1Z.csv
40	:	1715969619.886	    42.430	0	0	0	0	exec /usr/bin/time -f " %e, %U, %S, %M" solvitaire --type klondike --timeout 3600000 --str none --ra 9845 --class 2>&1 | sed -e 'H;${x;s/\n/,/g;s/^,//;p;};d' >> /work/sc122/sc122/ipg1/schedule-expts/full-klondike/klondike-klondike-3600000-none-IhsN1Z.csv
41	:	1715969662.354	   957.492	0	0	0	0	exec /usr/bin/time -f " %e, %U, %S, %M" solvitaire --type klondike --timeout 3600000 --str none --ra 8749 --class 2>&1 | sed -e 'H;${x;s/\n/,/g;s/^,//;p;};d' >> /work/sc122/sc122/ipg1/schedule-expts/full-klondike/klondike-klondike-3600000-none-IhsN1Z.csv
42	:	1715970619.879	   847.049	0	0	0	0	exec /usr/bin/time -f " %e, %U, %S, %M" solvitaire --type klondike --timeout 3600000 --str none --ra 5875 --class 2>&1 | sed -e 'H;${x;s/\n/,/g;s/^,//;p;};d' >> /work/sc122/sc122/ipg1/schedule-expts/full-klondike/klondike-klondike-3600000-none-IhsN1Z.csv
43	:	1715971466.960	   319.661	0	0	0	0	exec /usr/bin/time -f " %e, %U, %S, %M" solvitaire --type klondike --timeout 3600000 --str none --ra 8125 --class 2>&1 | sed -e 'H;${x;s/\n/,/g;s/^,//;p;};d' >> /work/sc122/sc122/ipg1/schedule-expts/full-klondike/klondike-klondike-3600000-none-IhsN1Z.csv
44	:	1715971786.655	   127.246	0	0	0	0	exec /usr/bin/time -f " %e, %U, %S, %M" solvitaire --type klondike --timeout 3600000 --str none --ra 9736 --class 2>&1 | sed -e 'H;${x;s/\n/,/g;s/^,//;p;};d' >> /work/sc122/sc122/ipg1/schedule-expts/full-klondike/klondike-klondike-3600000-none-IhsN1Z.csv
38	:	1715969026.805	  3850.299	0	0	0	0	exec /usr/bin/time -f " %e, %U, %S, %M" solvitaire --type klondike --timeout 3600000 --str none --ra 7541 --class 2>&1 | sed -e 'H;${x;s/\n/,/g;s/^,//;p;};d' >> /work/sc122/sc122/ipg1/schedule-expts/full-klondike/klondike-klondike-3600000-none-IhsN1Z.csv
46	:	1715972877.148	   206.480	0	0	0	0	exec /usr/bin/time -f " %e, %U, %S, %M" solvitaire --type klondike --timeout 3600000 --str none --ra 2575 --class 2>&1 | sed -e 'H;${x;s/\n/,/g;s/^,//;p;};d' >> /work/sc122/sc122/ipg1/schedule-expts/full-klondike/klondike-klondike-3600000-none-IhsN1Z.csv
47	:	1715973083.653	   151.545	0	0	0	0	exec /usr/bin/time -f " %e, %U, %S, %M" solvitaire --type klondike --timeout 3600000 --str none --ra 4455 --class 2>&1 | sed -e 'H;${x;s/\n/,/g;s/^,//;p;};d' >> /work/sc122/sc122/ipg1/schedule-expts/full-klondike/klondike-klondike-3600000-none-IhsN1Z.csv
48	:	1715973235.227	   274.769	0	0	0	0	exec /usr/bin/time -f " %e, %U, %S, %M" solvitaire --type klondike --timeout 3600000 --str none --ra 4318 --class 2>&1 | sed -e 'H;${x;s/\n/,/g;s/^,//;p;};d' >> /work/sc122/sc122/ipg1/schedule-expts/full-klondike/klondike-klondike-3600000-none-IhsN1Z.csv
49	:	1715973510.027	  1213.575	0	0	0	0	exec /usr/bin/time -f " %e, %U, %S, %M" solvitaire --type klondike --timeout 3600000 --str none --ra 9669 --class 2>&1 | sed -e 'H;${x;s/\n/,/g;s/^,//;p;};d' >> /work/sc122/sc122/ipg1/schedule-expts/full-klondike/klondike-klondike-3600000-none-IhsN1Z.csv
45	:	1715971913.931	  3824.105	0	0	0	0	exec /usr/bin/time -f " %e, %U, %S, %M" solvitaire --type klondike --timeout 3600000 --str none --ra 5269 --class 2>&1 | sed -e 'H;${x;s/\n/,/g;s/^,//;p;};d' >> /work/sc122/sc122/ipg1/schedule-expts/full-klondike/klondike-klondike-3600000-none-IhsN1Z.csv
51	:	1715975738.067	  1435.006	0	0	0	0	exec /usr/bin/time -f " %e, %U, %S, %M" solvitaire --type klondike --timeout 3600000 --str none --ra 2780 --class 2>&1 | sed -e 'H;${x;s/\n/,/g;s/^,//;p;};d' >> /work/sc122/sc122/ipg1/schedule-expts/full-klondike/klondike-klondike-3600000-none-IhsN1Z.csv
52	:	1715977173.102	   832.319	0	0	0	0	exec /usr/bin/time -f " %e, %U, %S, %M" solvitaire --type klondike --timeout 3600000 --str none --ra 9409 --class 2>&1 | sed -e 'H;${x;s/\n/,/g;s/^,//;p;};d' >> /work/sc122/sc122/ipg1/schedule-expts/full-klondike/klondike-klondike-3600000-none-IhsN1Z.csv
50	:	1715974723.631	  3783.598	0	0	0	0	exec /usr/bin/time -f " %e, %U, %S, %M" solvitaire --type klondike --timeout 3600000 --str none --ra 7821 --class 2>&1 | sed -e 'H;${x;s/\n/,/g;s/^,//;p;};d' >> /work/sc122/sc122/ipg1/schedule-expts/full-klondike/klondike-klondike-3600000-none-IhsN1Z.csv
53	:	1715978005.458	   549.251	0	0	0	0	exec /usr/bin/time -f " %e, %U, %S, %M" solvitaire --type klondike --timeout 3600000 --str none --ra 9843 --class 2>&1 | sed -e 'H;${x;s/\n/,/g;s/^,//;p;};d' >> /work/sc122/sc122/ipg1/schedule-expts/full-klondike/klondike-klondike-3600000-none-IhsN1Z.csv
54	:	1715978507.262	   134.024	0	0	0	0	exec /usr/bin/time -f " %e, %U, %S, %M" solvitaire --type klondike --timeout 3600000 --str none --ra 9806 --class 2>&1 | sed -e 'H;${x;s/\n/,/g;s/^,//;p;};d' >> /work/sc122/sc122/ipg1/schedule-expts/full-klondike/klondike-klondike-3600000-none-IhsN1Z.csv
56	:	1715978641.318	   143.001	0	0	0	0	exec /usr/bin/time -f " %e, %U, %S, %M" solvitaire --type klondike --timeout 3600000 --str none --ra 9523 --class 2>&1 | sed -e 'H;${x;s/\n/,/g;s/^,//;p;};d' >> /work/sc122/sc122/ipg1/schedule-expts/full-klondike/klondike-klondike-3600000-none-IhsN1Z.csv
55	:	1715978554.749	   554.949	0	0	0	0	exec /usr/bin/time -f " %e, %U, %S, %M" solvitaire --type klondike --timeout 3600000 --str none --ra 9874 --class 2>&1 | sed -e 'H;${x;s/\n/,/g;s/^,//;p;};d' >> /work/sc122/sc122/ipg1/schedule-expts/full-klondike/klondike-klondike-3600000-none-IhsN1Z.csv
58	:	1715979109.730	  1049.900	0	0	0	0	exec /usr/bin/time -f " %e, %U, %S, %M" solvitaire --type klondike --timeout 3600000 --str none --ra 1922 --class 2>&1 | sed -e 'H;${x;s/\n/,/g;s/^,//;p;};d' >> /work/sc122/sc122/ipg1/schedule-expts/full-klondike/klondike-klondike-3600000-none-IhsN1Z.csv
59	:	1715980159.664	   215.534	0	0	0	0	exec /usr/bin/time -f " %e, %U, %S, %M" solvitaire --type klondike --timeout 3600000 --str none --ra 3629 --class 2>&1 | sed -e 'H;${x;s/\n/,/g;s/^,//;p;};d' >> /work/sc122/sc122/ipg1/schedule-expts/full-klondike/klondike-klondike-3600000-none-IhsN1Z.csv
57	:	1715978784.345	  3703.598	0	0	0	0	exec /usr/bin/time -f " %e, %U, %S, %M" solvitaire --type klondike --timeout 3600000 --str none --ra 2933 --class 2>&1 | sed -e 'H;${x;s/\n/,/g;s/^,//;p;};d' >> /work/sc122/sc122/ipg1/schedule-expts/full-klondike/klondike-klondike-3600000-none-IhsN1Z.csv
60	:	1715980375.231	  2386.223	0	0	0	0	exec /usr/bin/time -f " %e, %U, %S, %M" solvitaire --type klondike --timeout 3600000 --str none --ra 5388 --class 2>&1 | sed -e 'H;${x;s/\n/,/g;s/^,//;p;};d' >> /work/sc122/sc122/ipg1/schedule-expts/full-klondike/klondike-klondike-3600000-none-IhsN1Z.csv
62	:	1715982761.484	    32.763	0	0	0	0	exec /usr/bin/time -f " %e, %U, %S, %M" solvitaire --type klondike --timeout 3600000 --str none --ra 9844 --class 2>&1 | sed -e 'H;${x;s/\n/,/g;s/^,//;p;};d' >> /work/sc122/sc122/ipg1/schedule-expts/full-klondike/klondike-klondike-3600000-none-IhsN1Z.csv
63	:	1715982794.280	   373.825	0	0	0	0	exec /usr/bin/time -f " %e, %U, %S, %M" solvitaire --type klondike --timeout 3600000 --str none --ra 8865 --class 2>&1 | sed -e 'H;${x;s/\n/,/g;s/^,//;p;};d' >> /work/sc122/sc122/ipg1/schedule-expts/full-klondike/klondike-klondike-3600000-none-IhsN1Z.csv
64	:	1715983168.142	    98.709	0	0	0	0	exec /usr/bin/time -f " %e, %U, %S, %M" solvitaire --type klondike --timeout 3600000 --str none --ra 2773 --class 2>&1 | sed -e 'H;${x;s/\n/,/g;s/^,//;p;};d' >> /work/sc122/sc122/ipg1/schedule-expts/full-klondike/klondike-klondike-3600000-none-IhsN1Z.csv
65	:	1715983266.884	    84.542	0	0	0	0	exec /usr/bin/time -f " %e, %U, %S, %M" solvitaire --type klondike --timeout 3600000 --str none --ra 9766 --class 2>&1 | sed -e 'H;${x;s/\n/,/g;s/^,//;p;};d' >> /work/sc122/sc122/ipg1/schedule-expts/full-klondike/klondike-klondike-3600000-none-IhsN1Z.csv
66	:	1715983351.460	   206.918	0	0	0	0	exec /usr/bin/time -f " %e, %U, %S, %M" solvitaire --type klondike --timeout 3600000 --str none --ra 4793 --class 2>&1 | sed -e 'H;${x;s/\n/,/g;s/^,//;p;};d' >> /work/sc122/sc122/ipg1/schedule-expts/full-klondike/klondike-klondike-3600000-none-IhsN1Z.csv
67	:	1715983558.404	   306.282	0	0	0	0	exec /usr/bin/time -f " %e, %U, %S, %M" solvitaire --type klondike --timeout 3600000 --str none --ra 7940 --class 2>&1 | sed -e 'H;${x;s/\n/,/g;s/^,//;p;};d' >> /work/sc122/sc122/ipg1/schedule-expts/full-klondike/klondike-klondike-3600000-none-IhsN1Z.csv
61	:	1715982487.984	  3773.292	0	0	0	0	exec /usr/bin/time -f " %e, %U, %S, %M" solvitaire --type klondike --timeout 3600000 --str none --ra 9139 --class 2>&1 | sed -e 'H;${x;s/\n/,/g;s/^,//;p;};d' >> /work/sc122/sc122/ipg1/schedule-expts/full-klondike/klondike-klondike-3600000-none-IhsN1Z.csv
69	:	1715986261.311	   232.419	0	0	0	0	exec /usr/bin/time -f " %e, %U, %S, %M" solvitaire --type klondike --timeout 3600000 --str none --ra 2679 --class 2>&1 | sed -e 'H;${x;s/\n/,/g;s/^,//;p;};d' >> /work/sc122/sc122/ipg1/schedule-expts/full-klondike/klondike-klondike-3600000-none-IhsN1Z.csv
68	:	1715983864.715	  3782.495	0	0	0	0	exec /usr/bin/time -f " %e, %U, %S, %M" solvitaire --type klondike --timeout 3600000 --str none --ra 3684 --class 2>&1 | sed -e 'H;${x;s/\n/,/g;s/^,//;p;};d' >> /work/sc122/sc122/ipg1/schedule-expts/full-klondike/klondike-klondike-3600000-none-IhsN1Z.csv
70	:	1715986493.756	  1241.280	0	0	0	0	exec /usr/bin/time -f " %e, %U, %S, %M" solvitaire --type klondike --timeout 3600000 --str none --ra 5594 --class 2>&1 | sed -e 'H;${x;s/\n/,/g;s/^,//;p;};d' >> /work/sc122/sc122/ipg1/schedule-expts/full-klondike/klondike-klondike-3600000-none-IhsN1Z.csv
71	:	1715987647.239	  1246.310	0	0	0	0	exec /usr/bin/time -f " %e, %U, %S, %M" solvitaire --type klondike --timeout 3600000 --str none --ra 8846 --class 2>&1 | sed -e 'H;${x;s/\n/,/g;s/^,//;p;};d' >> /work/sc122/sc122/ipg1/schedule-expts/full-klondike/klondike-klondike-3600000-none-IhsN1Z.csv
72	:	1715987735.077	  1436.726	0	0	0	0	exec /usr/bin/time -f " %e, %U, %S, %M" solvitaire --type klondike --timeout 3600000 --str none --ra 2091 --class 2>&1 | sed -e 'H;${x;s/\n/,/g;s/^,//;p;};d' >> /work/sc122/sc122/ipg1/schedule-expts/full-klondike/klondike-klondike-3600000-none-IhsN1Z.csv
74	:	1715989171.835	  1101.017	0	0	0	0	exec /usr/bin/time -f " %e, %U, %S, %M" solvitaire --type klondike --timeout 3600000 --str none --ra 7456 --class 2>&1 | sed -e 'H;${x;s/\n/,/g;s/^,//;p;};d' >> /work/sc122/sc122/ipg1/schedule-expts/full-klondike/klondike-klondike-3600000-none-IhsN1Z.csv
75	:	1715990272.886	   404.370	0	0	0	0	exec /usr/bin/time -f " %e, %U, %S, %M" solvitaire --type klondike --timeout 3600000 --str none --ra 4510 --class 2>&1 | sed -e 'H;${x;s/\n/,/g;s/^,//;p;};d' >> /work/sc122/sc122/ipg1/schedule-expts/full-klondike/klondike-klondike-3600000-none-IhsN1Z.csv
76	:	1715990677.292	    52.858	0	0	0	0	exec /usr/bin/time -f " %e, %U, %S, %M" solvitaire --type klondike --timeout 3600000 --str none --ra 8850 --class 2>&1 | sed -e 'H;${x;s/\n/,/g;s/^,//;p;};d' >> /work/sc122/sc122/ipg1/schedule-expts/full-klondike/klondike-klondike-3600000-none-IhsN1Z.csv
73	:	1715988893.589	  3783.101	0	0	0	0	exec /usr/bin/time -f " %e, %U, %S, %M" solvitaire --type klondike --timeout 3600000 --str none --ra 5639 --class 2>&1 | sed -e 'H;${x;s/\n/,/g;s/^,//;p;};d' >> /work/sc122/sc122/ipg1/schedule-expts/full-klondike/klondike-klondike-3600000-none-IhsN1Z.csv
78	:	1715992676.720	   154.957	0	0	0	0	exec /usr/bin/time -f " %e, %U, %S, %M" solvitaire --type klondike --timeout 3600000 --str none --ra 4453 --class 2>&1 | sed -e 'H;${x;s/\n/,/g;s/^,//;p;};d' >> /work/sc122/sc122/ipg1/schedule-expts/full-klondike/klondike-klondike-3600000-none-IhsN1Z.csv
79	:	1715992831.712	   401.640	0	0	0	0	exec /usr/bin/time -f " %e, %U, %S, %M" solvitaire --type klondike --timeout 3600000 --str none --ra 2499 --class 2>&1 | sed -e 'H;${x;s/\n/,/g;s/^,//;p;};d' >> /work/sc122/sc122/ipg1/schedule-expts/full-klondike/klondike-klondike-3600000-none-IhsN1Z.csv
80	:	1715993233.387	   242.333	0	0	0	0	exec /usr/bin/time -f " %e, %U, %S, %M" solvitaire --type klondike --timeout 3600000 --str none --ra 9314 --class 2>&1 | sed -e 'H;${x;s/\n/,/g;s/^,//;p;};d' >> /work/sc122/sc122/ipg1/schedule-expts/full-klondike/klondike-klondike-3600000-none-IhsN1Z.csv
81	:	1715993475.757	   374.720	0	0	0	0	exec /usr/bin/time -f " %e, %U, %S, %M" solvitaire --type klondike --timeout 3600000 --str none --ra 8011 --class 2>&1 | sed -e 'H;${x;s/\n/,/g;s/^,//;p;};d' >> /work/sc122/sc122/ipg1/schedule-expts/full-klondike/klondike-klondike-3600000-none-IhsN1Z.csv
82	:	1715993850.509	    76.320	0	0	0	0	exec /usr/bin/time -f " %e, %U, %S, %M" solvitaire --type klondike --timeout 3600000 --str none --ra 3679 --class 2>&1 | sed -e 'H;${x;s/\n/,/g;s/^,//;p;};d' >> /work/sc122/sc122/ipg1/schedule-expts/full-klondike/klondike-klondike-3600000-none-IhsN1Z.csv
83	:	1715993926.863	   496.706	0	0	0	0	exec /usr/bin/time -f " %e, %U, %S, %M" solvitaire --type klondike --timeout 3600000 --str none --ra 2093 --class 2>&1 | sed -e 'H;${x;s/\n/,/g;s/^,//;p;};d' >> /work/sc122/sc122/ipg1/schedule-expts/full-klondike/klondike-klondike-3600000-none-IhsN1Z.csv
77	:	1715990730.185	  3783.095	0	0	0	0	exec /usr/bin/time -f " %e, %U, %S, %M" solvitaire --type klondike --timeout 3600000 --str none --ra 4721 --class 2>&1 | sed -e 'H;${x;s/\n/,/g;s/^,//;p;};d' >> /work/sc122/sc122/ipg1/schedule-expts/full-klondike/klondike-klondike-3600000-none-IhsN1Z.csv
84	:	1715994423.608	   172.287	0	0	0	0	exec /usr/bin/time -f " %e, %U, %S, %M" solvitaire --type klondike --timeout 3600000 --str none --ra 9498 --class 2>&1 | sed -e 'H;${x;s/\n/,/g;s/^,//;p;};d' >> /work/sc122/sc122/ipg1/schedule-expts/full-klondike/klondike-klondike-3600000-none-IhsN1Z.csv
86	:	1715994595.936	   452.820	0	0	0	0	exec /usr/bin/time -f " %e, %U, %S, %M" solvitaire --type klondike --timeout 3600000 --str none --ra 4066 --class 2>&1 | sed -e 'H;${x;s/\n/,/g;s/^,//;p;};d' >> /work/sc122/sc122/ipg1/schedule-expts/full-klondike/klondike-klondike-3600000-none-IhsN1Z.csv
87	:	1715995048.793	  1501.075	0	0	0	0	exec /usr/bin/time -f " %e, %U, %S, %M" solvitaire --type klondike --timeout 3600000 --str none --ra 7909 --class 2>&1 | sed -e 'H;${x;s/\n/,/g;s/^,//;p;};d' >> /work/sc122/sc122/ipg1/schedule-expts/full-klondike/klondike-klondike-3600000-none-IhsN1Z.csv
88	:	1715996549.905	   344.917	0	0	0	0	exec /usr/bin/time -f " %e, %U, %S, %M" solvitaire --type klondike --timeout 3600000 --str none --ra 3603 --class 2>&1 | sed -e 'H;${x;s/\n/,/g;s/^,//;p;};d' >> /work/sc122/sc122/ipg1/schedule-expts/full-klondike/klondike-klondike-3600000-none-IhsN1Z.csv
89	:	1715996894.859	   337.258	0	0	0	0	exec /usr/bin/time -f " %e, %U, %S, %M" solvitaire --type klondike --timeout 3600000 --str none --ra 8036 --class 2>&1 | sed -e 'H;${x;s/\n/,/g;s/^,//;p;};d' >> /work/sc122/sc122/ipg1/schedule-expts/full-klondike/klondike-klondike-3600000-none-IhsN1Z.csv
90	:	1715997232.159	   502.398	0	0	0	0	exec /usr/bin/time -f " %e, %U, %S, %M" solvitaire --type klondike --timeout 3600000 --str none --ra 8000 --class 2>&1 | sed -e 'H;${x;s/\n/,/g;s/^,//;p;};d' >> /work/sc122/sc122/ipg1/schedule-expts/full-klondike/klondike-klondike-3600000-none-IhsN1Z.csv
85	:	1715994513.314	  3729.239	0	0	0	0	exec /usr/bin/time -f " %e, %U, %S, %M" solvitaire --type klondike --timeout 3600000 --str none --ra 7448 --class 2>&1 | sed -e 'H;${x;s/\n/,/g;s/^,//;p;};d' >> /work/sc122/sc122/ipg1/schedule-expts/full-klondike/klondike-klondike-3600000-none-IhsN1Z.csv
92	:	1715998242.586	   240.276	0	0	0	0	exec /usr/bin/time -f " %e, %U, %S, %M" solvitaire --type klondike --timeout 3600000 --str none --ra 9210 --class 2>&1 | sed -e 'H;${x;s/\n/,/g;s/^,//;p;};d' >> /work/sc122/sc122/ipg1/schedule-expts/full-klondike/klondike-klondike-3600000-none-IhsN1Z.csv
93	:	1715998482.893	   664.748	0	0	0	0	exec /usr/bin/time -f " %e, %U, %S, %M" solvitaire --type klondike --timeout 3600000 --str none --ra 4771 --class 2>&1 | sed -e 'H;${x;s/\n/,/g;s/^,//;p;};d' >> /work/sc122/sc122/ipg1/schedule-expts/full-klondike/klondike-klondike-3600000-none-IhsN1Z.csv
94	:	1715999147.673	   419.681	0	0	0	0	exec /usr/bin/time -f " %e, %U, %S, %M" solvitaire --type klondike --timeout 3600000 --str none --ra 8272 --class 2>&1 | sed -e 'H;${x;s/\n/,/g;s/^,//;p;};d' >> /work/sc122/sc122/ipg1/schedule-expts/full-klondike/klondike-klondike-3600000-none-IhsN1Z.csv
95	:	1715999567.383	   292.641	0	0	0	0	exec /usr/bin/time -f " %e, %U, %S, %M" solvitaire --type klondike --timeout 3600000 --str none --ra 5460 --class 2>&1 | sed -e 'H;${x;s/\n/,/g;s/^,//;p;};d' >> /work/sc122/sc122/ipg1/schedule-expts/full-klondike/klondike-klondike-3600000-none-IhsN1Z.csv
91	:	1715997734.594	  3835.325	0	0	0	0	exec /usr/bin/time -f " %e, %U, %S, %M" solvitaire --type klondike --timeout 3600000 --str none --ra 3528 --class 2>&1 | sed -e 'H;${x;s/\n/,/g;s/^,//;p;};d' >> /work/sc122/sc122/ipg1/schedule-expts/full-klondike/klondike-klondike-3600000-none-IhsN1Z.csv
97	:	1716001569.954	   836.964	0	0	0	0	exec /usr/bin/time -f " %e, %U, %S, %M" solvitaire --type klondike --timeout 3600000 --str none --ra 2201 --class 2>&1 | sed -e 'H;${x;s/\n/,/g;s/^,//;p;};d' >> /work/sc122/sc122/ipg1/schedule-expts/full-klondike/klondike-klondike-3600000-none-IhsN1Z.csv
98	:	1716002406.951	  1002.783	0	0	0	0	exec /usr/bin/time -f " %e, %U, %S, %M" solvitaire --type klondike --timeout 3600000 --str none --ra 3664 --class 2>&1 | sed -e 'H;${x;s/\n/,/g;s/^,//;p;};d' >> /work/sc122/sc122/ipg1/schedule-expts/full-klondike/klondike-klondike-3600000-none-IhsN1Z.csv
96	:	1715999860.061	  3781.409	0	0	0	0	exec /usr/bin/time -f " %e, %U, %S, %M" solvitaire --type klondike --timeout 3600000 --str none --ra 5257 --class 2>&1 | sed -e 'H;${x;s/\n/,/g;s/^,//;p;};d' >> /work/sc122/sc122/ipg1/schedule-expts/full-klondike/klondike-klondike-3600000-none-IhsN1Z.csv
99	:	1716003409.768	   973.661	0	0	0	0	exec /usr/bin/time -f " %e, %U, %S, %M" solvitaire --type klondike --timeout 3600000 --str none --ra 9222 --class 2>&1 | sed -e 'H;${x;s/\n/,/g;s/^,//;p;};d' >> /work/sc122/sc122/ipg1/schedule-expts/full-klondike/klondike-klondike-3600000-none-IhsN1Z.csv
101	:	1716004383.459	   156.075	0	0	0	0	exec /usr/bin/time -f " %e, %U, %S, %M" solvitaire --type klondike --timeout 3600000 --str none --ra 5504 --class 2>&1 | sed -e 'H;${x;s/\n/,/g;s/^,//;p;};d' >> /work/sc122/sc122/ipg1/schedule-expts/full-klondike/klondike-klondike-3600000-none-IhsN1Z.csv
100	:	1716003641.507	  1165.691	0	0	0	0	exec /usr/bin/time -f " %e, %U, %S, %M" solvitaire --type klondike --timeout 3600000 --str none --ra 9404 --class 2>&1 | sed -e 'H;${x;s/\n/,/g;s/^,//;p;};d' >> /work/sc122/sc122/ipg1/schedule-expts/full-klondike/klondike-klondike-3600000-none-IhsN1Z.csv
103	:	1716004807.232	  1105.989	0	0	0	0	exec /usr/bin/time -f " %e, %U, %S, %M" solvitaire --type klondike --timeout 3600000 --str none --ra 3683 --class 2>&1 | sed -e 'H;${x;s/\n/,/g;s/^,//;p;};d' >> /work/sc122/sc122/ipg1/schedule-expts/full-klondike/klondike-klondike-3600000-none-IhsN1Z.csv
102	:	1716004539.567	  1593.263	0	0	0	0	exec /usr/bin/time -f " %e, %U, %S, %M" solvitaire --type klondike --timeout 3600000 --str none --ra 8648 --class 2>&1 | sed -e 'H;${x;s/\n/,/g;s/^,//;p;};d' >> /work/sc122/sc122/ipg1/schedule-expts/full-klondike/klondike-klondike-3600000-none-IhsN1Z.csv
105	:	1716006132.858	   165.694	0	0	0	0	exec /usr/bin/time -f " %e, %U, %S, %M" solvitaire --type klondike --timeout 3600000 --str none --ra 8017 --class 2>&1 | sed -e 'H;${x;s/\n/,/g;s/^,//;p;};d' >> /work/sc122/sc122/ipg1/schedule-expts/full-klondike/klondike-klondike-3600000-none-IhsN1Z.csv
104	:	1716005913.263	   404.079	0	0	0	0	exec /usr/bin/time -f " %e, %U, %S, %M" solvitaire --type klondike --timeout 3600000 --str none --ra 4002 --class 2>&1 | sed -e 'H;${x;s/\n/,/g;s/^,//;p;};d' >> /work/sc122/sc122/ipg1/schedule-expts/full-klondike/klondike-klondike-3600000-none-IhsN1Z.csv
106	:	1716006298.588	   110.508	0	0	0	0	exec /usr/bin/time -f " %e, %U, %S, %M" solvitaire --type klondike --timeout 3600000 --str none --ra 8261 --class 2>&1 | sed -e 'H;${x;s/\n/,/g;s/^,//;p;};d' >> /work/sc122/sc122/ipg1/schedule-expts/full-klondike/klondike-klondike-3600000-none-IhsN1Z.csv
108	:	1716006409.123	   398.304	0	0	0	0	exec /usr/bin/time -f " %e, %U, %S, %M" solvitaire --type klondike --timeout 3600000 --str none --ra 8797 --class 2>&1 | sed -e 'H;${x;s/\n/,/g;s/^,//;p;};d' >> /work/sc122/sc122/ipg1/schedule-expts/full-klondike/klondike-klondike-3600000-none-IhsN1Z.csv
109	:	1716006807.456	    58.242	0	0	0	0	exec /usr/bin/time -f " %e, %U, %S, %M" solvitaire --type klondike --timeout 3600000 --str none --ra 5630 --class 2>&1 | sed -e 'H;${x;s/\n/,/g;s/^,//;p;};d' >> /work/sc122/sc122/ipg1/schedule-expts/full-klondike/klondike-klondike-3600000-none-IhsN1Z.csv
107	:	1716006317.383	   966.335	0	0	0	0	exec /usr/bin/time -f " %e, %U, %S, %M" solvitaire --type klondike --timeout 3600000 --str none --ra 4977 --class 2>&1 | sed -e 'H;${x;s/\n/,/g;s/^,//;p;};d' >> /work/sc122/sc122/ipg1/schedule-expts/full-klondike/klondike-klondike-3600000-none-IhsN1Z.csv
110	:	1716006865.732	  2195.584	0	0	0	0	exec /usr/bin/time -f " %e, %U, %S, %M" solvitaire --type klondike --timeout 3600000 --str none --ra 1970 --class 2>&1 | sed -e 'H;${x;s/\n/,/g;s/^,//;p;};d' >> /work/sc122/sc122/ipg1/schedule-expts/full-klondike/klondike-klondike-3600000-none-IhsN1Z.csv
112	:	1716009061.352	   250.364	0	0	0	0	exec /usr/bin/time -f " %e, %U, %S, %M" solvitaire --type klondike --timeout 3600000 --str none --ra 3648 --class 2>&1 | sed -e 'H;${x;s/\n/,/g;s/^,//;p;};d' >> /work/sc122/sc122/ipg1/schedule-expts/full-klondike/klondike-klondike-3600000-none-IhsN1Z.csv
113	:	1716009311.750	   962.891	0	0	0	0	exec /usr/bin/time -f " %e, %U, %S, %M" solvitaire --type klondike --timeout 3600000 --str none --ra 3563 --class 2>&1 | sed -e 'H;${x;s/\n/,/g;s/^,//;p;};d' >> /work/sc122/sc122/ipg1/schedule-expts/full-klondike/klondike-klondike-3600000-none-IhsN1Z.csv
111	:	1716007283.750	  3764.303	0	0	0	0	exec /usr/bin/time -f " %e, %U, %S, %M" solvitaire --type klondike --timeout 3600000 --str none --ra 8739 --class 2>&1 | sed -e 'H;${x;s/\n/,/g;s/^,//;p;};d' >> /work/sc122/sc122/ipg1/schedule-expts/full-klondike/klondike-klondike-3600000-none-IhsN1Z.csv
115	:	1716011048.091	   122.165	0	0	0	0	exec /usr/bin/time -f " %e, %U, %S, %M" solvitaire --type klondike --timeout 3600000 --str none --ra 5587 --class 2>&1 | sed -e 'H;${x;s/\n/,/g;s/^,//;p;};d' >> /work/sc122/sc122/ipg1/schedule-expts/full-klondike/klondike-klondike-3600000-none-IhsN1Z.csv
116	:	1716011170.292	   190.158	0	0	0	0	exec /usr/bin/time -f " %e, %U, %S, %M" solvitaire --type klondike --timeout 3600000 --str none --ra 8283 --class 2>&1 | sed -e 'H;${x;s/\n/,/g;s/^,//;p;};d' >> /work/sc122/sc122/ipg1/schedule-expts/full-klondike/klondike-klondike-3600000-none-IhsN1Z.csv
114	:	1716010274.677	  1515.569	0	0	0	0	exec /usr/bin/time -f " %e, %U, %S, %M" solvitaire --type klondike --timeout 3600000 --str none --ra 3807 --class 2>&1 | sed -e 'H;${x;s/\n/,/g;s/^,//;p;};d' >> /work/sc122/sc122/ipg1/schedule-expts/full-klondike/klondike-klondike-3600000-none-IhsN1Z.csv
117	:	1716011360.484	  1050.069	0	0	0	0	exec /usr/bin/time -f " %e, %U, %S, %M" solvitaire --type klondike --timeout 3600000 --str none --ra 4563 --class 2>&1 | sed -e 'H;${x;s/\n/,/g;s/^,//;p;};d' >> /work/sc122/sc122/ipg1/schedule-expts/full-klondike/klondike-klondike-3600000-none-IhsN1Z.csv
119	:	1716012410.586	   345.352	0	0	0	0	exec /usr/bin/time -f " %e, %U, %S, %M" solvitaire --type klondike --timeout 3600000 --str none --ra 2511 --class 2>&1 | sed -e 'H;${x;s/\n/,/g;s/^,//;p;};d' >> /work/sc122/sc122/ipg1/schedule-expts/full-klondike/klondike-klondike-3600000-none-IhsN1Z.csv
120	:	1716012755.973	   816.355	0	0	0	0	exec /usr/bin/time -f " %e, %U, %S, %M" solvitaire --type klondike --timeout 3600000 --str none --ra 2811 --class 2>&1 | sed -e 'H;${x;s/\n/,/g;s/^,//;p;};d' >> /work/sc122/sc122/ipg1/schedule-expts/full-klondike/klondike-klondike-3600000-none-IhsN1Z.csv
121	:	1716013572.365	   943.716	0	0	0	0	exec /usr/bin/time -f " %e, %U, %S, %M" solvitaire --type klondike --timeout 3600000 --str none --ra 9130 --class 2>&1 | sed -e 'H;${x;s/\n/,/g;s/^,//;p;};d' >> /work/sc122/sc122/ipg1/schedule-expts/full-klondike/klondike-klondike-3600000-none-IhsN1Z.csv
122	:	1716014516.108	    50.177	0	0	0	0	exec /usr/bin/time -f " %e, %U, %S, %M" solvitaire --type klondike --timeout 3600000 --str none --ra 2847 --class 2>&1 | sed -e 'H;${x;s/\n/,/g;s/^,//;p;};d' >> /work/sc122/sc122/ipg1/schedule-expts/full-klondike/klondike-klondike-3600000-none-IhsN1Z.csv
118	:	1716011790.288	  3774.857	0	0	0	0	exec /usr/bin/time -f " %e, %U, %S, %M" solvitaire --type klondike --timeout 3600000 --str none --ra 7285 --class 2>&1 | sed -e 'H;${x;s/\n/,/g;s/^,//;p;};d' >> /work/sc122/sc122/ipg1/schedule-expts/full-klondike/klondike-klondike-3600000-none-IhsN1Z.csv
124	:	1716015565.176	   608.555	0	0	0	0	exec /usr/bin/time -f " %e, %U, %S, %M" solvitaire --type klondike --timeout 3600000 --str none --ra 8787 --class 2>&1 | sed -e 'H;${x;s/\n/,/g;s/^,//;p;};d' >> /work/sc122/sc122/ipg1/schedule-expts/full-klondike/klondike-klondike-3600000-none-IhsN1Z.csv
125	:	1716016173.766	   297.904	0	0	0	0	exec /usr/bin/time -f " %e, %U, %S, %M" solvitaire --type klondike --timeout 3600000 --str none --ra 4137 --class 2>&1 | sed -e 'H;${x;s/\n/,/g;s/^,//;p;};d' >> /work/sc122/sc122/ipg1/schedule-expts/full-klondike/klondike-klondike-3600000-none-IhsN1Z.csv
126	:	1716016471.703	   108.268	0	0	0	0	exec /usr/bin/time -f " %e, %U, %S, %M" solvitaire --type klondike --timeout 3600000 --str none --ra 4909 --class 2>&1 | sed -e 'H;${x;s/\n/,/g;s/^,//;p;};d' >> /work/sc122/sc122/ipg1/schedule-expts/full-klondike/klondike-klondike-3600000-none-IhsN1Z.csv
123	:	1716014566.317	  3793.620	0	0	0	0	exec /usr/bin/time -f " %e, %U, %S, %M" solvitaire --type klondike --timeout 3600000 --str none --ra 4756 --class 2>&1 | sed -e 'H;${x;s/\n/,/g;s/^,//;p;};d' >> /work/sc122/sc122/ipg1/schedule-expts/full-klondike/klondike-klondike-3600000-none-IhsN1Z.csv
128	:	1716018359.981	   401.975	0	0	0	0	exec /usr/bin/time -f " %e, %U, %S, %M" solvitaire --type klondike --timeout 3600000 --str none --ra 7961 --class 2>&1 | sed -e 'H;${x;s/\n/,/g;s/^,//;p;};d' >> /work/sc122/sc122/ipg1/schedule-expts/full-klondike/klondike-klondike-3600000-none-IhsN1Z.csv
129	:	1716018761.989	    97.291	0	0	0	0	exec /usr/bin/time -f " %e, %U, %S, %M" solvitaire --type klondike --timeout 3600000 --str none --ra 4880 --class 2>&1 | sed -e 'H;${x;s/\n/,/g;s/^,//;p;};d' >> /work/sc122/sc122/ipg1/schedule-expts/full-klondike/klondike-klondike-3600000-none-IhsN1Z.csv
127	:	1716016580.008	  3484.502	0	0	0	0	exec /usr/bin/time -f " %e, %U, %S, %M" solvitaire --type klondike --timeout 3600000 --str none --ra 2423 --class 2>&1 | sed -e 'H;${x;s/\n/,/g;s/^,//;p;};d' >> /work/sc122/sc122/ipg1/schedule-expts/full-klondike/klondike-klondike-3600000-none-IhsN1Z.csv
131	:	1716020064.538	   111.275	0	0	0	0	exec /usr/bin/time -f " %e, %U, %S, %M" solvitaire --type klondike --timeout 3600000 --str none --ra 2754 --class 2>&1 | sed -e 'H;${x;s/\n/,/g;s/^,//;p;};d' >> /work/sc122/sc122/ipg1/schedule-expts/full-klondike/klondike-klondike-3600000-none-IhsN1Z.csv
132	:	1716020175.842	   397.213	0	0	0	0	exec /usr/bin/time -f " %e, %U, %S, %M" solvitaire --type klondike --timeout 3600000 --str none --ra 4899 --class 2>&1 | sed -e 'H;${x;s/\n/,/g;s/^,//;p;};d' >> /work/sc122/sc122/ipg1/schedule-expts/full-klondike/klondike-klondike-3600000-none-IhsN1Z.csv
133	:	1716020573.110	   255.360	0	0	0	0	exec /usr/bin/time -f " %e, %U, %S, %M" solvitaire --type klondike --timeout 3600000 --str none --ra 5214 --class 2>&1 | sed -e 'H;${x;s/\n/,/g;s/^,//;p;};d' >> /work/sc122/sc122/ipg1/schedule-expts/full-klondike/klondike-klondike-3600000-none-IhsN1Z.csv
134	:	1716020828.498	  1073.322	0	0	0	0	exec /usr/bin/time -f " %e, %U, %S, %M" solvitaire --type klondike --timeout 3600000 --str none --ra 9032 --class 2>&1 | sed -e 'H;${x;s/\n/,/g;s/^,//;p;};d' >> /work/sc122/sc122/ipg1/schedule-expts/full-klondike/klondike-klondike-3600000-none-IhsN1Z.csv
130	:	1716018859.319	  3759.754	0	0	0	0	exec /usr/bin/time -f " %e, %U, %S, %M" solvitaire --type klondike --timeout 3600000 --str none --ra 1978 --class 2>&1 | sed -e 'H;${x;s/\n/,/g;s/^,//;p;};d' >> /work/sc122/sc122/ipg1/schedule-expts/full-klondike/klondike-klondike-3600000-none-IhsN1Z.csv
135	:	1716021901.869	   970.236	0	0	0	0	exec /usr/bin/time -f " %e, %U, %S, %M" solvitaire --type klondike --timeout 3600000 --str none --ra 7601 --class 2>&1 | sed -e 'H;${x;s/\n/,/g;s/^,//;p;};d' >> /work/sc122/sc122/ipg1/schedule-expts/full-klondike/klondike-klondike-3600000-none-IhsN1Z.csv
136	:	1716022619.111	   750.468	0	0	0	0	exec /usr/bin/time -f " %e, %U, %S, %M" solvitaire --type klondike --timeout 3600000 --str none --ra 2419 --class 2>&1 | sed -e 'H;${x;s/\n/,/g;s/^,//;p;};d' >> /work/sc122/sc122/ipg1/schedule-expts/full-klondike/klondike-klondike-3600000-none-IhsN1Z.csv
137	:	1716022872.143	  1070.694	0	0	0	0	exec /usr/bin/time -f " %e, %U, %S, %M" solvitaire --type klondike --timeout 3600000 --str none --ra 7842 --class 2>&1 | sed -e 'H;${x;s/\n/,/g;s/^,//;p;};d' >> /work/sc122/sc122/ipg1/schedule-expts/full-klondike/klondike-klondike-3600000-none-IhsN1Z.csv
138	:	1716023369.621	   649.767	0	0	0	0	exec /usr/bin/time -f " %e, %U, %S, %M" solvitaire --type klondike --timeout 3600000 --str none --ra 9790 --class 2>&1 | sed -e 'H;${x;s/\n/,/g;s/^,//;p;};d' >> /work/sc122/sc122/ipg1/schedule-expts/full-klondike/klondike-klondike-3600000-none-IhsN1Z.csv
140	:	1716024019.418	   249.638	0	0	0	0	exec /usr/bin/time -f " %e, %U, %S, %M" solvitaire --type klondike --timeout 3600000 --str none --ra 9061 --class 2>&1 | sed -e 'H;${x;s/\n/,/g;s/^,//;p;};d' >> /work/sc122/sc122/ipg1/schedule-expts/full-klondike/klondike-klondike-3600000-none-IhsN1Z.csv
139	:	1716023942.873	   423.111	0	0	0	0	exec /usr/bin/time -f " %e, %U, %S, %M" solvitaire --type klondike --timeout 3600000 --str none --ra 2794 --class 2>&1 | sed -e 'H;${x;s/\n/,/g;s/^,//;p;};d' >> /work/sc122/sc122/ipg1/schedule-expts/full-klondike/klondike-klondike-3600000-none-IhsN1Z.csv
141	:	1716024269.086	   134.406	0	0	0	0	exec /usr/bin/time -f " %e, %U, %S, %M" solvitaire --type klondike --timeout 3600000 --str none --ra 2769 --class 2>&1 | sed -e 'H;${x;s/\n/,/g;s/^,//;p;};d' >> /work/sc122/sc122/ipg1/schedule-expts/full-klondike/klondike-klondike-3600000-none-IhsN1Z.csv
142	:	1716024366.014	   261.715	0	0	0	0	exec /usr/bin/time -f " %e, %U, %S, %M" solvitaire --type klondike --timeout 3600000 --str none --ra 5812 --class 2>&1 | sed -e 'H;${x;s/\n/,/g;s/^,//;p;};d' >> /work/sc122/sc122/ipg1/schedule-expts/full-klondike/klondike-klondike-3600000-none-IhsN1Z.csv
143	:	1716024403.524	   379.555	0	0	0	0	exec /usr/bin/time -f " %e, %U, %S, %M" solvitaire --type klondike --timeout 3600000 --str none --ra 4824 --class 2>&1 | sed -e 'H;${x;s/\n/,/g;s/^,//;p;};d' >> /work/sc122/sc122/ipg1/schedule-expts/full-klondike/klondike-klondike-3600000-none-IhsN1Z.csv
145	:	1716024783.106	    96.166	0	0	0	0	exec /usr/bin/time -f " %e, %U, %S, %M" solvitaire --type klondike --timeout 3600000 --str none --ra 8822 --class 2>&1 | sed -e 'H;${x;s/\n/,/g;s/^,//;p;};d' >> /work/sc122/sc122/ipg1/schedule-expts/full-klondike/klondike-klondike-3600000-none-IhsN1Z.csv
146	:	1716024879.303	  1091.049	0	0	0	0	exec /usr/bin/time -f " %e, %U, %S, %M" solvitaire --type klondike --timeout 3600000 --str none --ra 8007 --class 2>&1 | sed -e 'H;${x;s/\n/,/g;s/^,//;p;};d' >> /work/sc122/sc122/ipg1/schedule-expts/full-klondike/klondike-klondike-3600000-none-IhsN1Z.csv
144	:	1716024627.760	  1410.632	0	0	0	0	exec /usr/bin/time -f " %e, %U, %S, %M" solvitaire --type klondike --timeout 3600000 --str none --ra 8204 --class 2>&1 | sed -e 'H;${x;s/\n/,/g;s/^,//;p;};d' >> /work/sc122/sc122/ipg1/schedule-expts/full-klondike/klondike-klondike-3600000-none-IhsN1Z.csv
148	:	1716026038.423	   190.134	0	0	0	0	exec /usr/bin/time -f " %e, %U, %S, %M" solvitaire --type klondike --timeout 3600000 --str none --ra 9852 --class 2>&1 | sed -e 'H;${x;s/\n/,/g;s/^,//;p;};d' >> /work/sc122/sc122/ipg1/schedule-expts/full-klondike/klondike-klondike-3600000-none-IhsN1Z.csv
147	:	1716025970.389	   408.439	0	0	0	0	exec /usr/bin/time -f " %e, %U, %S, %M" solvitaire --type klondike --timeout 3600000 --str none --ra 5708 --class 2>&1 | sed -e 'H;${x;s/\n/,/g;s/^,//;p;};d' >> /work/sc122/sc122/ipg1/schedule-expts/full-klondike/klondike-klondike-3600000-none-IhsN1Z.csv
150	:	1716026378.859	   193.558	0	0	0	0	exec /usr/bin/time -f " %e, %U, %S, %M" solvitaire --type klondike --timeout 3600000 --str none --ra 5463 --class 2>&1 | sed -e 'H;${x;s/\n/,/g;s/^,//;p;};d' >> /work/sc122/sc122/ipg1/schedule-expts/full-klondike/klondike-klondike-3600000-none-IhsN1Z.csv
149	:	1716026228.594	   350.408	0	0	0	0	exec /usr/bin/time -f " %e, %U, %S, %M" solvitaire --type klondike --timeout 3600000 --str none --ra 4566 --class 2>&1 | sed -e 'H;${x;s/\n/,/g;s/^,//;p;};d' >> /work/sc122/sc122/ipg1/schedule-expts/full-klondike/klondike-klondike-3600000-none-IhsN1Z.csv
152	:	1716026579.034	   541.838	0	0	0	0	exec /usr/bin/time -f " %e, %U, %S, %M" solvitaire --type klondike --timeout 3600000 --str none --ra 2626 --class 2>&1 | sed -e 'H;${x;s/\n/,/g;s/^,//;p;};d' >> /work/sc122/sc122/ipg1/schedule-expts/full-klondike/klondike-klondike-3600000-none-IhsN1Z.csv
153	:	1716027120.909	   204.774	0	0	0	0	exec /usr/bin/time -f " %e, %U, %S, %M" solvitaire --type klondike --timeout 3600000 --str none --ra 9934 --class 2>&1 | sed -e 'H;${x;s/\n/,/g;s/^,//;p;};d' >> /work/sc122/sc122/ipg1/schedule-expts/full-klondike/klondike-klondike-3600000-none-IhsN1Z.csv
151	:	1716026572.449	   812.098	0	0	0	0	exec /usr/bin/time -f " %e, %U, %S, %M" solvitaire --type klondike --timeout 3600000 --str none --ra 5795 --class 2>&1 | sed -e 'H;${x;s/\n/,/g;s/^,//;p;};d' >> /work/sc122/sc122/ipg1/schedule-expts/full-klondike/klondike-klondike-3600000-none-IhsN1Z.csv
154	:	1716027325.718	   246.422	0	0	0	0	exec /usr/bin/time -f " %e, %U, %S, %M" solvitaire --type klondike --timeout 3600000 --str none --ra 9468 --class 2>&1 | sed -e 'H;${x;s/\n/,/g;s/^,//;p;};d' >> /work/sc122/sc122/ipg1/schedule-expts/full-klondike/klondike-klondike-3600000-none-IhsN1Z.csv
155	:	1716027384.589	   194.720	0	0	0	0	exec /usr/bin/time -f " %e, %U, %S, %M" solvitaire --type klondike --timeout 3600000 --str none --ra 8186 --class 2>&1 | sed -e 'H;${x;s/\n/,/g;s/^,//;p;};d' >> /work/sc122/sc122/ipg1/schedule-expts/full-klondike/klondike-klondike-3600000-none-IhsN1Z.csv
157	:	1716027579.351	    94.863	0	0	0	0	exec /usr/bin/time -f " %e, %U, %S, %M" solvitaire --type klondike --timeout 3600000 --str none --ra 2521 --class 2>&1 | sed -e 'H;${x;s/\n/,/g;s/^,//;p;};d' >> /work/sc122/sc122/ipg1/schedule-expts/full-klondike/klondike-klondike-3600000-none-IhsN1Z.csv
156	:	1716027572.175	   457.798	0	0	0	0	exec /usr/bin/time -f " %e, %U, %S, %M" solvitaire --type klondike --timeout 3600000 --str none --ra 2495 --class 2>&1 | sed -e 'H;${x;s/\n/,/g;s/^,//;p;};d' >> /work/sc122/sc122/ipg1/schedule-expts/full-klondike/klondike-klondike-3600000-none-IhsN1Z.csv
158	:	1716027674.249	   462.731	0	0	0	0	exec /usr/bin/time -f " %e, %U, %S, %M" solvitaire --type klondike --timeout 3600000 --str none --ra 8094 --class 2>&1 | sed -e 'H;${x;s/\n/,/g;s/^,//;p;};d' >> /work/sc122/sc122/ipg1/schedule-expts/full-klondike/klondike-klondike-3600000-none-IhsN1Z.csv
159	:	1716028030.005	   130.182	0	0	0	0	exec /usr/bin/time -f " %e, %U, %S, %M" solvitaire --type klondike --timeout 3600000 --str none --ra 5004 --class 2>&1 | sed -e 'H;${x;s/\n/,/g;s/^,//;p;};d' >> /work/sc122/sc122/ipg1/schedule-expts/full-klondike/klondike-klondike-3600000-none-IhsN1Z.csv
160	:	1716028137.015	   740.510	0	0	0	0	exec /usr/bin/time -f " %e, %U, %S, %M" solvitaire --type klondike --timeout 3600000 --str none --ra 9281 --class 2>&1 | sed -e 'H;${x;s/\n/,/g;s/^,//;p;};d' >> /work/sc122/sc122/ipg1/schedule-expts/full-klondike/klondike-klondike-3600000-none-IhsN1Z.csv
161	:	1716028160.216	  1408.601	0	0	0	0	exec /usr/bin/time -f " %e, %U, %S, %M" solvitaire --type klondike --timeout 3600000 --str none --ra 4976 --class 2>&1 | sed -e 'H;${x;s/\n/,/g;s/^,//;p;};d' >> /work/sc122/sc122/ipg1/schedule-expts/full-klondike/klondike-klondike-3600000-none-IhsN1Z.csv
162	:	1716028877.562	   968.148	0	0	0	0	exec /usr/bin/time -f " %e, %U, %S, %M" solvitaire --type klondike --timeout 3600000 --str none --ra 4845 --class 2>&1 | sed -e 'H;${x;s/\n/,/g;s/^,//;p;};d' >> /work/sc122/sc122/ipg1/schedule-expts/full-klondike/klondike-klondike-3600000-none-IhsN1Z.csv
163	:	1716029568.852	   709.415	0	0	0	0	exec /usr/bin/time -f " %e, %U, %S, %M" solvitaire --type klondike --timeout 3600000 --str none --ra 7794 --class 2>&1 | sed -e 'H;${x;s/\n/,/g;s/^,//;p;};d' >> /work/sc122/sc122/ipg1/schedule-expts/full-klondike/klondike-klondike-3600000-none-IhsN1Z.csv
164	:	1716029845.746	   506.017	0	0	0	0	exec /usr/bin/time -f " %e, %U, %S, %M" solvitaire --type klondike --timeout 3600000 --str none --ra 5496 --class 2>&1 | sed -e 'H;${x;s/\n/,/g;s/^,//;p;};d' >> /work/sc122/sc122/ipg1/schedule-expts/full-klondike/klondike-klondike-3600000-none-IhsN1Z.csv
165	:	1716030278.300	  1031.437	0	0	0	0	exec /usr/bin/time -f " %e, %U, %S, %M" solvitaire --type klondike --timeout 3600000 --str none --ra 9954 --class 2>&1 | sed -e 'H;${x;s/\n/,/g;s/^,//;p;};d' >> /work/sc122/sc122/ipg1/schedule-expts/full-klondike/klondike-klondike-3600000-none-IhsN1Z.csv
167	:	1716031309.772	   204.508	0	0	0	0	exec /usr/bin/time -f " %e, %U, %S, %M" solvitaire --type klondike --timeout 3600000 --str none --ra 4997 --class 2>&1 | sed -e 'H;${x;s/\n/,/g;s/^,//;p;};d' >> /work/sc122/sc122/ipg1/schedule-expts/full-klondike/klondike-klondike-3600000-none-IhsN1Z.csv
168	:	1716031514.321	   370.078	0	0	0	0	exec /usr/bin/time -f " %e, %U, %S, %M" solvitaire --type klondike --timeout 3600000 --str none --ra 9882 --class 2>&1 | sed -e 'H;${x;s/\n/,/g;s/^,//;p;};d' >> /work/sc122/sc122/ipg1/schedule-expts/full-klondike/klondike-klondike-3600000-none-IhsN1Z.csv
166	:	1716030351.790	  3772.136	0	0	0	0	exec /usr/bin/time -f " %e, %U, %S, %M" solvitaire --type klondike --timeout 3600000 --str none --ra 7699 --class 2>&1 | sed -e 'H;${x;s/\n/,/g;s/^,//;p;};d' >> /work/sc122/sc122/ipg1/schedule-expts/full-klondike/klondike-klondike-3600000-none-IhsN1Z.csv
